14:33:16 **** Rebuild of configuration Debug for project AccTester ****
Info: Internal Builder is used for build
iccarm "..\\Generated_Code\\GPIOA.c" -o "Generated_Code\\GPIOA.o" --no_wrap_diagnostics -IC:/Embedded/Projects/AccTester/Firmware_IAR/AccTester/Static_Code/PDD -IC:/Embedded/Projects/AccTester/Firmware_IAR/AccTester/Static_Code/IO_Map -IC:/Embedded/Projects/AccTester/Firmware_IAR/AccTester/Sources -IC:/Embedded/Projects/AccTester/Firmware_IAR/AccTester/Generated_Code -e --cpu Cortex-M0+ --fpu None --debug --dlib_config "C:/Program Files (x86)/IAR Systems/Embedded Workbench 7.2/arm/inc/c/DLib_Config_Normal.h" --endian little --cpu_mode thumb -On --no_cse --no_unroll --no_inline --no_code_motion --no_tbaa --no_clustering --no_scheduling 

   IAR ANSI C/C++ Compiler V7.40.7.9843/W32 for ARM
   Copyright 1999-2015 IAR Systems AB.
 
 84 bytes of CODE memory

Errors: none
Warnings: none
iccarm "..\\Generated_Code\\PIT.c" -o "Generated_Code\\PIT.o" --no_wrap_diagnostics -IC:/Embedded/Projects/AccTester/Firmware_IAR/AccTester/Static_Code/PDD -IC:/Embedded/Projects/AccTester/Firmware_IAR/AccTester/Static_Code/IO_Map -IC:/Embedded/Projects/AccTester/Firmware_IAR/AccTester/Sources -IC:/Embedded/Projects/AccTester/Firmware_IAR/AccTester/Generated_Code -e --cpu Cortex-M0+ --fpu None --debug --dlib_config "C:/Program Files (x86)/IAR Systems/Embedded Workbench 7.2/arm/inc/c/DLib_Config_Normal.h" --endian little --cpu_mode thumb -On --no_cse --no_unroll --no_inline --no_code_motion --no_tbaa --no_clustering --no_scheduling 

   IAR ANSI C/C++ Compiler V7.40.7.9843/W32 for ARM
   Copyright 1999-2015 IAR Systems AB.
 
 92 bytes of CODE memory

Errors: none
Warnings: none
iccarm "..\\Sources\\main.c" -o "Sources\\main.o" --no_wrap_diagnostics -IC:/Embedded/Projects/AccTester/Firmware_IAR/AccTester/Static_Code/PDD -IC:/Embedded/Projects/AccTester/Firmware_IAR/AccTester/Static_Code/IO_Map -IC:/Embedded/Projects/AccTester/Firmware_IAR/AccTester/Sources -IC:/Embedded/Projects/AccTester/Firmware_IAR/AccTester/Generated_Code -e --cpu Cortex-M0+ --fpu None --debug --dlib_config "C:/Program Files (x86)/IAR Systems/Embedded Workbench 7.2/arm/inc/c/DLib_Config_Normal.h" --endian little --cpu_mode thumb -On --no_cse --no_unroll --no_inline --no_code_motion --no_tbaa --no_clustering --no_scheduling 

   IAR ANSI C/C++ Compiler V7.40.7.9843/W32 for ARM
   Copyright 1999-2015 IAR Systems AB.
 
 8 bytes of CODE memory

Errors: none
Warnings: none
iccarm "..\\Generated_Code\\PE_LDD.c" -o "Generated_Code\\PE_LDD.o" --no_wrap_diagnostics -IC:/Embedded/Projects/AccTester/Firmware_IAR/AccTester/Static_Code/PDD -IC:/Embedded/Projects/AccTester/Firmware_IAR/AccTester/Static_Code/IO_Map -IC:/Embedded/Projects/AccTester/Firmware_IAR/AccTester/Sources -IC:/Embedded/Projects/AccTester/Firmware_IAR/AccTester/Generated_Code -e --cpu Cortex-M0+ --fpu None --debug --dlib_config "C:/Program Files (x86)/IAR Systems/Embedded Workbench 7.2/arm/inc/c/DLib_Config_Normal.h" --endian little --cpu_mode thumb -On --no_cse --no_unroll --no_inline --no_code_motion --no_tbaa --no_clustering --no_scheduling 

   IAR ANSI C/C++ Compiler V7.40.7.9843/W32 for ARM
   Copyright 1999-2015 IAR Systems AB.
 
 32 bytes of CODE  memory
 40 bytes of CONST memory

Errors: none
Warnings: none
iccarm "..\\Generated_Code\\Cpu.c" -o "Generated_Code\\Cpu.o" --no_wrap_diagnostics -IC:/Embedded/Projects/AccTester/Firmware_IAR/AccTester/Static_Code/PDD -IC:/Embedded/Projects/AccTester/Firmware_IAR/AccTester/Static_Code/IO_Map -IC:/Embedded/Projects/AccTester/Firmware_IAR/AccTester/Sources -IC:/Embedded/Projects/AccTester/Firmware_IAR/AccTester/Generated_Code -e --cpu Cortex-M0+ --fpu None --debug --dlib_config "C:/Program Files (x86)/IAR Systems/Embedded Workbench 7.2/arm/inc/c/DLib_Config_Normal.h" --endian little --cpu_mode thumb -On --no_cse --no_unroll --no_inline --no_code_motion --no_tbaa --no_clustering --no_scheduling 

   IAR ANSI C/C++ Compiler V7.40.7.9843/W32 for ARM
   Copyright 1999-2015 IAR Systems AB.
 
 276 bytes of CODE  memory
  16 bytes of CONST memory
   2 bytes of DATA  memory

Errors: none
Warnings: none
iccarm "..\\Sources\\Events.c" -o "Sources\\Events.o" --no_wrap_diagnostics -IC:/Embedded/Projects/AccTester/Firmware_IAR/AccTester/Static_Code/PDD -IC:/Embedded/Projects/AccTester/Firmware_IAR/AccTester/Static_Code/IO_Map -IC:/Embedded/Projects/AccTester/Firmware_IAR/AccTester/Sources -IC:/Embedded/Projects/AccTester/Firmware_IAR/AccTester/Generated_Code -e --cpu Cortex-M0+ --fpu None --debug --dlib_config "C:/Program Files (x86)/IAR Systems/Embedded Workbench 7.2/arm/inc/c/DLib_Config_Normal.h" --endian little --cpu_mode thumb -On --no_cse --no_unroll --no_inline --no_code_motion --no_tbaa --no_clustering --no_scheduling 

   IAR ANSI C/C++ Compiler V7.40.7.9843/W32 for ARM
   Copyright 1999-2015 IAR Systems AB.
 
 2 bytes of CODE memory

Errors: none
Warnings: none
iccarm "..\\Generated_Code\\Vectors.c" -o "Generated_Code\\Vectors.o" --no_wrap_diagnostics -IC:/Embedded/Projects/AccTester/Firmware_IAR/AccTester/Static_Code/PDD -IC:/Embedded/Projects/AccTester/Firmware_IAR/AccTester/Static_Code/IO_Map -IC:/Embedded/Projects/AccTester/Firmware_IAR/AccTester/Sources -IC:/Embedded/Projects/AccTester/Firmware_IAR/AccTester/Generated_Code -e --cpu Cortex-M0+ --fpu None --debug --dlib_config "C:/Program Files (x86)/IAR Systems/Embedded Workbench 7.2/arm/inc/c/DLib_Config_Normal.h" --endian little --cpu_mode thumb -On --no_cse --no_unroll --no_inline --no_code_motion --no_tbaa --no_clustering --no_scheduling 

   IAR ANSI C/C++ Compiler V7.40.7.9843/W32 for ARM
   Copyright 1999-2015 IAR Systems AB.
 
 192 bytes of CONST memory

Errors: none
Warnings: none
iccarm "..\\Generated_Code\\PORT.c" -o "Generated_Code\\PORT.o" --no_wrap_diagnostics -IC:/Embedded/Projects/AccTester/Firmware_IAR/AccTester/Static_Code/PDD -IC:/Embedded/Projects/AccTester/Firmware_IAR/AccTester/Static_Code/IO_Map -IC:/Embedded/Projects/AccTester/Firmware_IAR/AccTester/Sources -IC:/Embedded/Projects/AccTester/Firmware_IAR/AccTester/Generated_Code -e --cpu Cortex-M0+ --fpu None --debug --dlib_config "C:/Program Files (x86)/IAR Systems/Embedded Workbench 7.2/arm/inc/c/DLib_Config_Normal.h" --endian little --cpu_mode thumb -On --no_cse --no_unroll --no_inline --no_code_motion --no_tbaa --no_clustering --no_scheduling 

   IAR ANSI C/C++ Compiler V7.40.7.9843/W32 for ARM
   Copyright 1999-2015 IAR Systems AB.
 
 44 bytes of CODE memory

Errors: none
Warnings: none
iccarm "..\\Generated_Code\\SysTick.c" -o "Generated_Code\\SysTick.o" --no_wrap_diagnostics -IC:/Embedded/Projects/AccTester/Firmware_IAR/AccTester/Static_Code/PDD -IC:/Embedded/Projects/AccTester/Firmware_IAR/AccTester/Static_Code/IO_Map -IC:/Embedded/Projects/AccTester/Firmware_IAR/AccTester/Sources -IC:/Embedded/Projects/AccTester/Firmware_IAR/AccTester/Generated_Code -e --cpu Cortex-M0+ --fpu None --debug --dlib_config "C:/Program Files (x86)/IAR Systems/Embedded Workbench 7.2/arm/inc/c/DLib_Config_Normal.h" --endian little --cpu_mode thumb -On --no_cse --no_unroll --no_inline --no_code_motion --no_tbaa --no_clustering --no_scheduling 

   IAR ANSI C/C++ Compiler V7.40.7.9843/W32 for ARM
   Copyright 1999-2015 IAR Systems AB.
 
 40 bytes of CODE memory

Errors: none
Warnings: none
ilinkarm "Generated_Code\\Cpu.o" "Sources\\Events.o" "Generated_Code\\GPIOA.o" "Sources\\main.o" "Generated_Code\\PE_LDD.o" "Generated_Code\\PIT.o" "Generated_Code\\PORT.o" "Generated_Code\\SysTick.o" "Generated_Code\\Vectors.o" -o AccTester.out --config C:/Embedded/Projects/AccTester/Firmware_IAR/AccTester/Project_Settings/Linker_Files/ProcessorExpert.icf --no_wrap_diagnostics --semihosting 

   IAR ELF Linker V7.40.7.9843/W32 for ARM
   Copyright 2007-2015 IAR Systems AB.
Error[Li005]: no definition for "SysTick_ISR" [referenced from C:\Embedded\Projects\AccTester\Firmware_IAR\AccTester\Debug\Generated_Code\Vectors.o]

  624 bytes of readonly  code memory
  208 bytes of readonly  data memory
  256 bytes of readwrite data memory

Errors: 1
Warnings: none

Link time:   0.05 (CPU)   0.35 (elapsed)
14:33:51 **** Incremental Build of configuration Debug for project AccTester ****
Info: Internal Builder is used for build
iccarm "..\\Sources\\Events.c" -o "Sources\\Events.o" --no_wrap_diagnostics -IC:/Embedded/Projects/AccTester/Firmware_IAR/AccTester/Static_Code/PDD -IC:/Embedded/Projects/AccTester/Firmware_IAR/AccTester/Static_Code/IO_Map -IC:/Embedded/Projects/AccTester/Firmware_IAR/AccTester/Sources -IC:/Embedded/Projects/AccTester/Firmware_IAR/AccTester/Generated_Code -e --cpu Cortex-M0+ --fpu None --debug --dlib_config "C:/Program Files (x86)/IAR Systems/Embedded Workbench 7.2/arm/inc/c/DLib_Config_Normal.h" --endian little --cpu_mode thumb -On --no_cse --no_unroll --no_inline --no_code_motion --no_tbaa --no_clustering --no_scheduling 

   IAR ANSI C/C++ Compiler V7.40.7.9843/W32 for ARM
   Copyright 1999-2015 IAR Systems AB.
 
 4 bytes of CODE memory

Errors: none
Warnings: none
ilinkarm "Generated_Code\\Cpu.o" "Sources\\Events.o" "Generated_Code\\GPIOA.o" "Sources\\main.o" "Generated_Code\\PE_LDD.o" "Generated_Code\\PIT.o" "Generated_Code\\PORT.o" "Generated_Code\\SysTick.o" "Generated_Code\\Vectors.o" -o AccTester.out --config C:/Embedded/Projects/AccTester/Firmware_IAR/AccTester/Project_Settings/Linker_Files/ProcessorExpert.icf --no_wrap_diagnostics --semihosting 

   IAR ELF Linker V7.40.7.9843/W32 for ARM
   Copyright 2007-2015 IAR Systems AB.

  624 bytes of readonly  code memory
  208 bytes of readonly  data memory
  256 bytes of readwrite data memory

Errors: none
Warnings: none

Link time:   0.02 (CPU)   0.02 (elapsed)
14:34:38 **** Incremental Build of configuration Debug for project AccTester ****
Info: Internal Builder is used for build
iccarm "..\\Sources\\Events.c" -o "Sources\\Events.o" --no_wrap_diagnostics -IC:/Embedded/Projects/AccTester/Firmware_IAR/AccTester/Static_Code/PDD -IC:/Embedded/Projects/AccTester/Firmware_IAR/AccTester/Static_Code/IO_Map -IC:/Embedded/Projects/AccTester/Firmware_IAR/AccTester/Sources -IC:/Embedded/Projects/AccTester/Firmware_IAR/AccTester/Generated_Code -e --cpu Cortex-M0+ --fpu None --debug --dlib_config "C:/Program Files (x86)/IAR Systems/Embedded Workbench 7.2/arm/inc/c/DLib_Config_Normal.h" --endian little --cpu_mode thumb -On --no_cse --no_unroll --no_inline --no_code_motion --no_tbaa --no_clustering --no_scheduling 

   IAR ANSI C/C++ Compiler V7.40.7.9843/W32 for ARM
   Copyright 1999-2015 IAR Systems AB.

    SysTick_PDD_ClearInterruptFlag();
    ^
"C:\Embedded\Projects\AccTester\Firmware_IAR\AccTester\Sources\Events.c",64  Warning[Pe223]: function "SysTick_PDD_ClearInterruptFlag" declared implicitly
 
 10 bytes of CODE memory

Errors: none
Warnings: 1
ilinkarm "Generated_Code\\Cpu.o" "Sources\\Events.o" "Generated_Code\\GPIOA.o" "Sources\\main.o" "Generated_Code\\PE_LDD.o" "Generated_Code\\PIT.o" "Generated_Code\\PORT.o" "Generated_Code\\SysTick.o" "Generated_Code\\Vectors.o" -o AccTester.out --config C:/Embedded/Projects/AccTester/Firmware_IAR/AccTester/Project_Settings/Linker_Files/ProcessorExpert.icf --no_wrap_diagnostics --semihosting 

   IAR ELF Linker V7.40.7.9843/W32 for ARM
   Copyright 2007-2015 IAR Systems AB.
Error[Li005]: no definition for "SysTick_PDD_ClearInterruptFlag" [referenced from C:\Embedded\Projects\AccTester\Firmware_IAR\AccTester\Debug\Sources\Events.o]

  632 bytes of readonly  code memory
  208 bytes of readonly  data memory
  256 bytes of readwrite data memory

Errors: 1
Warnings: none

Link time:   0.03 (CPU)   0.28 (elapsed)
14:35:44 **** Incremental Build of configuration Debug for project AccTester ****
Info: Internal Builder is used for build
iccarm "..\\Sources\\Events.c" -o "Sources\\Events.o" --no_wrap_diagnostics -IC:/Embedded/Projects/AccTester/Firmware_IAR/AccTester/Static_Code/PDD -IC:/Embedded/Projects/AccTester/Firmware_IAR/AccTester/Static_Code/IO_Map -IC:/Embedded/Projects/AccTester/Firmware_IAR/AccTester/Sources -IC:/Embedded/Projects/AccTester/Firmware_IAR/AccTester/Generated_Code -e --cpu Cortex-M0+ --fpu None --debug --dlib_config "C:/Program Files (x86)/IAR Systems/Embedded Workbench 7.2/arm/inc/c/DLib_Config_Normal.h" --endian little --cpu_mode thumb -On --no_cse --no_unroll --no_inline --no_code_motion --no_tbaa --no_clustering --no_scheduling 

   IAR ANSI C/C++ Compiler V7.40.7.9843/W32 for ARM
   Copyright 1999-2015 IAR Systems AB.

  	SysTick_PDD_ClearInterruptFlag(SysTick_BASE_PTR);
  	^
"C:\Embedded\Projects\AccTester\Firmware_IAR\AccTester\Sources\Events.c",64  Warning[Pe223]: function "SysTick_PDD_ClearInterruptFlag" declared implicitly
 
 16 bytes of CODE memory

Errors: none
Warnings: 1
ilinkarm "Generated_Code\\Cpu.o" "Sources\\Events.o" "Generated_Code\\GPIOA.o" "Sources\\main.o" "Generated_Code\\PE_LDD.o" "Generated_Code\\PIT.o" "Generated_Code\\PORT.o" "Generated_Code\\SysTick.o" "Generated_Code\\Vectors.o" -o AccTester.out --config C:/Embedded/Projects/AccTester/Firmware_IAR/AccTester/Project_Settings/Linker_Files/ProcessorExpert.icf --no_wrap_diagnostics --semihosting 

   IAR ELF Linker V7.40.7.9843/W32 for ARM
   Copyright 2007-2015 IAR Systems AB.
Error[Li005]: no definition for "SysTick_PDD_ClearInterruptFlag" [referenced from C:\Embedded\Projects\AccTester\Firmware_IAR\AccTester\Debug\Sources\Events.o]

  640 bytes of readonly  code memory
  208 bytes of readonly  data memory
  256 bytes of readwrite data memory

Errors: 1
Warnings: none

Link time:   0.02 (CPU)   0.02 (elapsed)
14:36:09 **** Incremental Build of configuration Debug for project AccTester ****
Info: Internal Builder is used for build
iccarm "..\\Sources\\Events.c" -o "Sources\\Events.o" --no_wrap_diagnostics -IC:/Embedded/Projects/AccTester/Firmware_IAR/AccTester/Static_Code/PDD -IC:/Embedded/Projects/AccTester/Firmware_IAR/AccTester/Static_Code/IO_Map -IC:/Embedded/Projects/AccTester/Firmware_IAR/AccTester/Sources -IC:/Embedded/Projects/AccTester/Firmware_IAR/AccTester/Generated_Code -e --cpu Cortex-M0+ --fpu None --debug --dlib_config "C:/Program Files (x86)/IAR Systems/Embedded Workbench 7.2/arm/inc/c/DLib_Config_Normal.h" --endian little --cpu_mode thumb -On --no_cse --no_unroll --no_inline --no_code_motion --no_tbaa --no_clustering --no_scheduling 

   IAR ANSI C/C++ Compiler V7.40.7.9843/W32 for ARM
   Copyright 1999-2015 IAR Systems AB.
 
 24 bytes of CODE memory

Errors: none
Warnings: none
ilinkarm "Generated_Code\\Cpu.o" "Sources\\Events.o" "Generated_Code\\GPIOA.o" "Sources\\main.o" "Generated_Code\\PE_LDD.o" "Generated_Code\\PIT.o" "Generated_Code\\PORT.o" "Generated_Code\\SysTick.o" "Generated_Code\\Vectors.o" -o AccTester.out --config C:/Embedded/Projects/AccTester/Firmware_IAR/AccTester/Project_Settings/Linker_Files/ProcessorExpert.icf --no_wrap_diagnostics --semihosting 

   IAR ELF Linker V7.40.7.9843/W32 for ARM
   Copyright 2007-2015 IAR Systems AB.

  648 bytes of readonly  code memory
  208 bytes of readonly  data memory
  256 bytes of readwrite data memory

Errors: none
Warnings: none

Link time:   0.02 (CPU)   0.02 (elapsed)
Info: Nothing to build for AccTester
Info: Nothing to build for AccTester
14:39:02 **** Clean-only build of configuration Debug for project AccTester ****
rm -rf Sources/main.o Generated_Code/GPIOA.o Sources/main.d Sources/Events.o Generated_Code/SysTick.o Sources/Events.d Generated_Code/SysTick.d Generated_Code/PORT.d Generated_Code/Cpu.d Generated_Code/PIT.o Generated_Code/PORT.o Generated_Code/Vectors.o AccTester.out Generated_Code/Cpu.o Generated_Code/Vectors.d Generated_Code/PE_LDD.d Generated_Code/PIT.d Generated_Code/GPIOA.d Generated_Code/PE_LDD.o 
Cannot run program "rm": Launching failed

Error: Program "rm" not found in PATH
PATH=[C:\Program Files (x86)\IAR Systems\Embedded Workbench 7.2\arm\bin;C:/Freescale/KDS_3.0.0/eclipse//features/com.somniumtech.jre.win32.win32.x86_1.7.0.76/jre/bin/client;C:/Freescale/KDS_3.0.0/eclipse//features/com.somniumtech.jre.win32.win32.x86_1.7.0.76/jre/bin;C:/Freescale/KDS_3.0.0/eclipse//features/com.somniumtech.jre.win32.win32.x86_1.7.0.76/jre/lib/i386;C:\MinGW\bin\;C:\Python35\Scripts\;C:\Python35\;C:\Program Files\SlickEdit Pro 19.0.2\win\;C:\ProgramData\Oracle\Java\javapath;C:\Program Files (x86)\NVIDIA Corporation\PhysX\Common;C:\Program Files (x86)\Common Files\Intel\Shared Files\cpp\bin\Intel64;c:\Program Files (x86)\Microsoft Visual Studio 10.0\Common7\IDE\PrivateAssemblies\;c:\MinGW\bin;C:\Program Files\TortoiseHg\;C:\Program Files\TortoiseSVN\bin;C:\Program Files\Microsoft SQL Server\120\Tools\Binn\;C:\Program Files (x86)\Windows Kits\8.1\Windows Performance Toolkit\;C:\Program Files\nodejs\;C:\Program Files (x86)\Windows Kits\10\Windows Performance Toolkit\;C:\Windows\system32\config\systemprofile\.dnx\bin;C:\Program Files\Microsoft DNX\Dnvm\;C:\Program Files (x86)\CloudFoundry;C:\Program Files (x86)\Embarcadero\Studio\16.0\bin;C:\Users\Public\Documents\Embarcadero\Studio\16.0\Bpl;C:\Program Files (x86)\Embarcadero\Studio\16.0\bin64;C:\Users\Public\Documents\Embarcadero\Studio\16.0\Bpl\Win64;C:\Program Files (x86)\Embarcadero\Studio\17.0\bin;C:\Users\Public\Documents\Embarcadero\Studio\17.0\Bpl;C:\Program Files (x86)\Embarcadero\Studio\17.0\bin64;C:\Users\Public\Documents\Embarcadero\Studio\17.0\Bpl\Win64;c:\Program Files (x86)\Microsoft SQL Server\110\Tools\Binn\ManagementStudio\;c:\Program Files (x86)\Microsoft SQL Server\110\Tools\Binn\;c:\Program Files\Microsoft SQL Server\110\Tools\Binn\;c:\Program Files (x86)\Microsoft SQL Server\110\DTS\Binn\;c:\Program Files\Microsoft SQL Server\110\DTS\Binn\;C:\Program Files\MATLAB\R2014b\runtime\win64;C:\Program Files\MATLAB\R2014b\bin;C:\Program Files\MATLAB\R2014b\polyspace\bin;C:\Program Files\TortoiseGit\bin;C:\Users\Public\Documents\Embarcadero\Studio\14.0\Bpl;C:\Program Files (x86)\Microsoft Visual Studio 14.0\Common7\Tools;C:\Windows\System32;C:\Freescale\KDS_3.0.0\eclipse]

14:39:02 **** Clean-only build of configuration Debug for project AccTester ****
14:39:07 **** Rebuild of configuration Debug for project AccTester ****
Info: Internal Builder is used for build
iccarm "..\\Generated_Code\\PIT.c" -o "Generated_Code\\PIT.o" --no_wrap_diagnostics -IC:/Embedded/Projects/AccTester/Firmware_IAR/AccTester/Static_Code/PDD -IC:/Embedded/Projects/AccTester/Firmware_IAR/AccTester/Static_Code/IO_Map -IC:/Embedded/Projects/AccTester/Firmware_IAR/AccTester/Sources -IC:/Embedded/Projects/AccTester/Firmware_IAR/AccTester/Generated_Code -e --cpu Cortex-M0+ --fpu None --debug --dlib_config "C:/Program Files (x86)/IAR Systems/Embedded Workbench 7.2/arm/inc/c/DLib_Config_Normal.h" --endian little --cpu_mode thumb -On --no_cse --no_unroll --no_inline --no_code_motion --no_tbaa --no_clustering --no_scheduling 

   IAR ANSI C/C++ Compiler V7.40.7.9843/W32 for ARM
   Copyright 1999-2015 IAR Systems AB.
 
 92 bytes of CODE memory

Errors: none
Warnings: none
iccarm "..\\Generated_Code\\Cpu.c" -o "Generated_Code\\Cpu.o" --no_wrap_diagnostics -IC:/Embedded/Projects/AccTester/Firmware_IAR/AccTester/Static_Code/PDD -IC:/Embedded/Projects/AccTester/Firmware_IAR/AccTester/Static_Code/IO_Map -IC:/Embedded/Projects/AccTester/Firmware_IAR/AccTester/Sources -IC:/Embedded/Projects/AccTester/Firmware_IAR/AccTester/Generated_Code -e --cpu Cortex-M0+ --fpu None --debug --dlib_config "C:/Program Files (x86)/IAR Systems/Embedded Workbench 7.2/arm/inc/c/DLib_Config_Normal.h" --endian little --cpu_mode thumb -On --no_cse --no_unroll --no_inline --no_code_motion --no_tbaa --no_clustering --no_scheduling 

   IAR ANSI C/C++ Compiler V7.40.7.9843/W32 for ARM
   Copyright 1999-2015 IAR Systems AB.
 
 276 bytes of CODE  memory
  16 bytes of CONST memory
   2 bytes of DATA  memory

Errors: none
Warnings: none
iccarm "..\\Sources\\main.c" -o "Sources\\main.o" --no_wrap_diagnostics -IC:/Embedded/Projects/AccTester/Firmware_IAR/AccTester/Static_Code/PDD -IC:/Embedded/Projects/AccTester/Firmware_IAR/AccTester/Static_Code/IO_Map -IC:/Embedded/Projects/AccTester/Firmware_IAR/AccTester/Sources -IC:/Embedded/Projects/AccTester/Firmware_IAR/AccTester/Generated_Code -e --cpu Cortex-M0+ --fpu None --debug --dlib_config "C:/Program Files (x86)/IAR Systems/Embedded Workbench 7.2/arm/inc/c/DLib_Config_Normal.h" --endian little --cpu_mode thumb -On --no_cse --no_unroll --no_inline --no_code_motion --no_tbaa --no_clustering --no_scheduling 

   IAR ANSI C/C++ Compiler V7.40.7.9843/W32 for ARM
   Copyright 1999-2015 IAR Systems AB.
 
 8 bytes of CODE memory

Errors: none
Warnings: none
iccarm "..\\Generated_Code\\Vectors.c" -o "Generated_Code\\Vectors.o" --no_wrap_diagnostics -IC:/Embedded/Projects/AccTester/Firmware_IAR/AccTester/Static_Code/PDD -IC:/Embedded/Projects/AccTester/Firmware_IAR/AccTester/Static_Code/IO_Map -IC:/Embedded/Projects/AccTester/Firmware_IAR/AccTester/Sources -IC:/Embedded/Projects/AccTester/Firmware_IAR/AccTester/Generated_Code -e --cpu Cortex-M0+ --fpu None --debug --dlib_config "C:/Program Files (x86)/IAR Systems/Embedded Workbench 7.2/arm/inc/c/DLib_Config_Normal.h" --endian little --cpu_mode thumb -On --no_cse --no_unroll --no_inline --no_code_motion --no_tbaa --no_clustering --no_scheduling 

   IAR ANSI C/C++ Compiler V7.40.7.9843/W32 for ARM
   Copyright 1999-2015 IAR Systems AB.
 
 192 bytes of CONST memory

Errors: none
Warnings: none
iccarm "..\\Generated_Code\\PE_LDD.c" -o "Generated_Code\\PE_LDD.o" --no_wrap_diagnostics -IC:/Embedded/Projects/AccTester/Firmware_IAR/AccTester/Static_Code/PDD -IC:/Embedded/Projects/AccTester/Firmware_IAR/AccTester/Static_Code/IO_Map -IC:/Embedded/Projects/AccTester/Firmware_IAR/AccTester/Sources -IC:/Embedded/Projects/AccTester/Firmware_IAR/AccTester/Generated_Code -e --cpu Cortex-M0+ --fpu None --debug --dlib_config "C:/Program Files (x86)/IAR Systems/Embedded Workbench 7.2/arm/inc/c/DLib_Config_Normal.h" --endian little --cpu_mode thumb -On --no_cse --no_unroll --no_inline --no_code_motion --no_tbaa --no_clustering --no_scheduling 

   IAR ANSI C/C++ Compiler V7.40.7.9843/W32 for ARM
   Copyright 1999-2015 IAR Systems AB.
 
 32 bytes of CODE  memory
 40 bytes of CONST memory

Errors: none
Warnings: none
iccarm "..\\Generated_Code\\SysTick.c" -o "Generated_Code\\SysTick.o" --no_wrap_diagnostics -IC:/Embedded/Projects/AccTester/Firmware_IAR/AccTester/Static_Code/PDD -IC:/Embedded/Projects/AccTester/Firmware_IAR/AccTester/Static_Code/IO_Map -IC:/Embedded/Projects/AccTester/Firmware_IAR/AccTester/Sources -IC:/Embedded/Projects/AccTester/Firmware_IAR/AccTester/Generated_Code -e --cpu Cortex-M0+ --fpu None --debug --dlib_config "C:/Program Files (x86)/IAR Systems/Embedded Workbench 7.2/arm/inc/c/DLib_Config_Normal.h" --endian little --cpu_mode thumb -On --no_cse --no_unroll --no_inline --no_code_motion --no_tbaa --no_clustering --no_scheduling 

   IAR ANSI C/C++ Compiler V7.40.7.9843/W32 for ARM
   Copyright 1999-2015 IAR Systems AB.
 
 40 bytes of CODE memory

Errors: none
Warnings: none
iccarm "..\\Sources\\Events.c" -o "Sources\\Events.o" --no_wrap_diagnostics -IC:/Embedded/Projects/AccTester/Firmware_IAR/AccTester/Static_Code/PDD -IC:/Embedded/Projects/AccTester/Firmware_IAR/AccTester/Static_Code/IO_Map -IC:/Embedded/Projects/AccTester/Firmware_IAR/AccTester/Sources -IC:/Embedded/Projects/AccTester/Firmware_IAR/AccTester/Generated_Code -e --cpu Cortex-M0+ --fpu None --debug --dlib_config "C:/Program Files (x86)/IAR Systems/Embedded Workbench 7.2/arm/inc/c/DLib_Config_Normal.h" --endian little --cpu_mode thumb -On --no_cse --no_unroll --no_inline --no_code_motion --no_tbaa --no_clustering --no_scheduling 

   IAR ANSI C/C++ Compiler V7.40.7.9843/W32 for ARM
   Copyright 1999-2015 IAR Systems AB.
 
 24 bytes of CODE memory

Errors: none
Warnings: none
iccarm "..\\Generated_Code\\PORT.c" -o "Generated_Code\\PORT.o" --no_wrap_diagnostics -IC:/Embedded/Projects/AccTester/Firmware_IAR/AccTester/Static_Code/PDD -IC:/Embedded/Projects/AccTester/Firmware_IAR/AccTester/Static_Code/IO_Map -IC:/Embedded/Projects/AccTester/Firmware_IAR/AccTester/Sources -IC:/Embedded/Projects/AccTester/Firmware_IAR/AccTester/Generated_Code -e --cpu Cortex-M0+ --fpu None --debug --dlib_config "C:/Program Files (x86)/IAR Systems/Embedded Workbench 7.2/arm/inc/c/DLib_Config_Normal.h" --endian little --cpu_mode thumb -On --no_cse --no_unroll --no_inline --no_code_motion --no_tbaa --no_clustering --no_scheduling 

   IAR ANSI C/C++ Compiler V7.40.7.9843/W32 for ARM
   Copyright 1999-2015 IAR Systems AB.
 
 44 bytes of CODE memory

Errors: none
Warnings: none
iccarm "..\\Generated_Code\\GPIOA.c" -o "Generated_Code\\GPIOA.o" --no_wrap_diagnostics -IC:/Embedded/Projects/AccTester/Firmware_IAR/AccTester/Static_Code/PDD -IC:/Embedded/Projects/AccTester/Firmware_IAR/AccTester/Static_Code/IO_Map -IC:/Embedded/Projects/AccTester/Firmware_IAR/AccTester/Sources -IC:/Embedded/Projects/AccTester/Firmware_IAR/AccTester/Generated_Code -e --cpu Cortex-M0+ --fpu None --debug --dlib_config "C:/Program Files (x86)/IAR Systems/Embedded Workbench 7.2/arm/inc/c/DLib_Config_Normal.h" --endian little --cpu_mode thumb -On --no_cse --no_unroll --no_inline --no_code_motion --no_tbaa --no_clustering --no_scheduling 

   IAR ANSI C/C++ Compiler V7.40.7.9843/W32 for ARM
   Copyright 1999-2015 IAR Systems AB.
 
 84 bytes of CODE memory

Errors: none
Warnings: none
ilinkarm "Generated_Code\\Cpu.o" "Sources\\Events.o" "Generated_Code\\GPIOA.o" "Sources\\main.o" "Generated_Code\\PE_LDD.o" "Generated_Code\\PIT.o" "Generated_Code\\PORT.o" "Generated_Code\\SysTick.o" "Generated_Code\\Vectors.o" -o AccTester.out --config C:/Embedded/Projects/AccTester/Firmware_IAR/AccTester/Project_Settings/Linker_Files/ProcessorExpert.icf --no_wrap_diagnostics --semihosting 

   IAR ELF Linker V7.40.7.9843/W32 for ARM
   Copyright 2007-2015 IAR Systems AB.

  648 bytes of readonly  code memory
  208 bytes of readonly  data memory
  256 bytes of readwrite data memory

Errors: none
Warnings: none

Link time:   0.02 (CPU)   0.02 (elapsed)
Info: Nothing to build for AccTester
Info: Nothing to build for AccTester
Info: Nothing to build for AccTester
22:09:21 **** Incremental Build of configuration Debug for project AccTester ****
Info: Internal Builder is used for build
iccarm "..\\Generated_Code\\PIT.c" -o "Generated_Code\\PIT.o" --no_wrap_diagnostics -IC:/Embedded/Projects/AccTester/Firmware_IAR/AccTester/Static_Code/PDD -IC:/Embedded/Projects/AccTester/Firmware_IAR/AccTester/Static_Code/IO_Map -IC:/Embedded/Projects/AccTester/Firmware_IAR/AccTester/Sources -IC:/Embedded/Projects/AccTester/Firmware_IAR/AccTester/Generated_Code -e --cpu Cortex-M0+ --fpu None --debug --dlib_config "C:/Program Files (x86)/IAR Systems/Embedded Workbench 7.2/arm/inc/c/DLib_Config_Normal.h" --endian little --cpu_mode thumb -On --no_cse --no_unroll --no_inline --no_code_motion --no_tbaa --no_clustering --no_scheduling 

   IAR ANSI C/C++ Compiler V7.40.7.9843/W32 for ARM
   Copyright 1999-2015 IAR Systems AB.
 
 92 bytes of CODE memory

Errors: none
Warnings: none
iccarm "..\\Generated_Code\\PE_LDD.c" -o "Generated_Code\\PE_LDD.o" --no_wrap_diagnostics -IC:/Embedded/Projects/AccTester/Firmware_IAR/AccTester/Static_Code/PDD -IC:/Embedded/Projects/AccTester/Firmware_IAR/AccTester/Static_Code/IO_Map -IC:/Embedded/Projects/AccTester/Firmware_IAR/AccTester/Sources -IC:/Embedded/Projects/AccTester/Firmware_IAR/AccTester/Generated_Code -e --cpu Cortex-M0+ --fpu None --debug --dlib_config "C:/Program Files (x86)/IAR Systems/Embedded Workbench 7.2/arm/inc/c/DLib_Config_Normal.h" --endian little --cpu_mode thumb -On --no_cse --no_unroll --no_inline --no_code_motion --no_tbaa --no_clustering --no_scheduling 

   IAR ANSI C/C++ Compiler V7.40.7.9843/W32 for ARM
   Copyright 1999-2015 IAR Systems AB.
 
 32 bytes of CODE  memory
 40 bytes of CONST memory

Errors: none
Warnings: none
iccarm "..\\Generated_Code\\GPIOA.c" -o "Generated_Code\\GPIOA.o" --no_wrap_diagnostics -IC:/Embedded/Projects/AccTester/Firmware_IAR/AccTester/Static_Code/PDD -IC:/Embedded/Projects/AccTester/Firmware_IAR/AccTester/Static_Code/IO_Map -IC:/Embedded/Projects/AccTester/Firmware_IAR/AccTester/Sources -IC:/Embedded/Projects/AccTester/Firmware_IAR/AccTester/Generated_Code -e --cpu Cortex-M0+ --fpu None --debug --dlib_config "C:/Program Files (x86)/IAR Systems/Embedded Workbench 7.2/arm/inc/c/DLib_Config_Normal.h" --endian little --cpu_mode thumb -On --no_cse --no_unroll --no_inline --no_code_motion --no_tbaa --no_clustering --no_scheduling 

   IAR ANSI C/C++ Compiler V7.40.7.9843/W32 for ARM
   Copyright 1999-2015 IAR Systems AB.
 
 84 bytes of CODE memory

Errors: none
Warnings: none
iccarm "..\\Generated_Code\\Vectors.c" -o "Generated_Code\\Vectors.o" --no_wrap_diagnostics -IC:/Embedded/Projects/AccTester/Firmware_IAR/AccTester/Static_Code/PDD -IC:/Embedded/Projects/AccTester/Firmware_IAR/AccTester/Static_Code/IO_Map -IC:/Embedded/Projects/AccTester/Firmware_IAR/AccTester/Sources -IC:/Embedded/Projects/AccTester/Firmware_IAR/AccTester/Generated_Code -e --cpu Cortex-M0+ --fpu None --debug --dlib_config "C:/Program Files (x86)/IAR Systems/Embedded Workbench 7.2/arm/inc/c/DLib_Config_Normal.h" --endian little --cpu_mode thumb -On --no_cse --no_unroll --no_inline --no_code_motion --no_tbaa --no_clustering --no_scheduling 

   IAR ANSI C/C++ Compiler V7.40.7.9843/W32 for ARM
   Copyright 1999-2015 IAR Systems AB.
 
 192 bytes of CONST memory

Errors: none
Warnings: none
iccarm "..\\Sources\\Indicator.c" -o "Sources\\Indicator.o" --no_wrap_diagnostics -IC:/Embedded/Projects/AccTester/Firmware_IAR/AccTester/Static_Code/PDD -IC:/Embedded/Projects/AccTester/Firmware_IAR/AccTester/Static_Code/IO_Map -IC:/Embedded/Projects/AccTester/Firmware_IAR/AccTester/Sources -IC:/Embedded/Projects/AccTester/Firmware_IAR/AccTester/Generated_Code -e --cpu Cortex-M0+ --fpu None --debug --dlib_config "C:/Program Files (x86)/IAR Systems/Embedded Workbench 7.2/arm/inc/c/DLib_Config_Normal.h" --endian little --cpu_mode thumb -On --no_cse --no_unroll --no_inline --no_code_motion --no_tbaa --no_clustering --no_scheduling 

   IAR ANSI C/C++ Compiler V7.40.7.9843/W32 for ARM
   Copyright 1999-2015 IAR Systems AB.
 
 366 bytes of CODE memory
   8 bytes of DATA memory

Errors: none
Warnings: none
iccarm "..\\Generated_Code\\SPI0.c" -o "Generated_Code\\SPI0.o" --no_wrap_diagnostics -IC:/Embedded/Projects/AccTester/Firmware_IAR/AccTester/Static_Code/PDD -IC:/Embedded/Projects/AccTester/Firmware_IAR/AccTester/Static_Code/IO_Map -IC:/Embedded/Projects/AccTester/Firmware_IAR/AccTester/Sources -IC:/Embedded/Projects/AccTester/Firmware_IAR/AccTester/Generated_Code -e --cpu Cortex-M0+ --fpu None --debug --dlib_config "C:/Program Files (x86)/IAR Systems/Embedded Workbench 7.2/arm/inc/c/DLib_Config_Normal.h" --endian little --cpu_mode thumb -On --no_cse --no_unroll --no_inline --no_code_motion --no_tbaa --no_clustering --no_scheduling 

   IAR ANSI C/C++ Compiler V7.40.7.9843/W32 for ARM
   Copyright 1999-2015 IAR Systems AB.
 
 60 bytes of CODE memory

Errors: none
Warnings: none
iccarm "..\\Sources\\main.c" -o "Sources\\main.o" --no_wrap_diagnostics -IC:/Embedded/Projects/AccTester/Firmware_IAR/AccTester/Static_Code/PDD -IC:/Embedded/Projects/AccTester/Firmware_IAR/AccTester/Static_Code/IO_Map -IC:/Embedded/Projects/AccTester/Firmware_IAR/AccTester/Sources -IC:/Embedded/Projects/AccTester/Firmware_IAR/AccTester/Generated_Code -e --cpu Cortex-M0+ --fpu None --debug --dlib_config "C:/Program Files (x86)/IAR Systems/Embedded Workbench 7.2/arm/inc/c/DLib_Config_Normal.h" --endian little --cpu_mode thumb -On --no_cse --no_unroll --no_inline --no_code_motion --no_tbaa --no_clustering --no_scheduling 

   IAR ANSI C/C++ Compiler V7.40.7.9843/W32 for ARM
   Copyright 1999-2015 IAR Systems AB.
 
 12 bytes of CODE memory

Errors: none
Warnings: none
iccarm "..\\Generated_Code\\Cpu.c" -o "Generated_Code\\Cpu.o" --no_wrap_diagnostics -IC:/Embedded/Projects/AccTester/Firmware_IAR/AccTester/Static_Code/PDD -IC:/Embedded/Projects/AccTester/Firmware_IAR/AccTester/Static_Code/IO_Map -IC:/Embedded/Projects/AccTester/Firmware_IAR/AccTester/Sources -IC:/Embedded/Projects/AccTester/Firmware_IAR/AccTester/Generated_Code -e --cpu Cortex-M0+ --fpu None --debug --dlib_config "C:/Program Files (x86)/IAR Systems/Embedded Workbench 7.2/arm/inc/c/DLib_Config_Normal.h" --endian little --cpu_mode thumb -On --no_cse --no_unroll --no_inline --no_code_motion --no_tbaa --no_clustering --no_scheduling 

   IAR ANSI C/C++ Compiler V7.40.7.9843/W32 for ARM
   Copyright 1999-2015 IAR Systems AB.
 
 350 bytes of CODE  memory
  16 bytes of CONST memory
   2 bytes of DATA  memory

Errors: none
Warnings: none
iccarm "..\\Generated_Code\\ADC.c" -o "Generated_Code\\ADC.o" --no_wrap_diagnostics -IC:/Embedded/Projects/AccTester/Firmware_IAR/AccTester/Static_Code/PDD -IC:/Embedded/Projects/AccTester/Firmware_IAR/AccTester/Static_Code/IO_Map -IC:/Embedded/Projects/AccTester/Firmware_IAR/AccTester/Sources -IC:/Embedded/Projects/AccTester/Firmware_IAR/AccTester/Generated_Code -e --cpu Cortex-M0+ --fpu None --debug --dlib_config "C:/Program Files (x86)/IAR Systems/Embedded Workbench 7.2/arm/inc/c/DLib_Config_Normal.h" --endian little --cpu_mode thumb -On --no_cse --no_unroll --no_inline --no_code_motion --no_tbaa --no_clustering --no_scheduling 

   IAR ANSI C/C++ Compiler V7.40.7.9843/W32 for ARM
   Copyright 1999-2015 IAR Systems AB.
 
 88 bytes of CODE memory

Errors: none
Warnings: none
iccarm "..\\Sources\\Events.c" -o "Sources\\Events.o" --no_wrap_diagnostics -IC:/Embedded/Projects/AccTester/Firmware_IAR/AccTester/Static_Code/PDD -IC:/Embedded/Projects/AccTester/Firmware_IAR/AccTester/Static_Code/IO_Map -IC:/Embedded/Projects/AccTester/Firmware_IAR/AccTester/Sources -IC:/Embedded/Projects/AccTester/Firmware_IAR/AccTester/Generated_Code -e --cpu Cortex-M0+ --fpu None --debug --dlib_config "C:/Program Files (x86)/IAR Systems/Embedded Workbench 7.2/arm/inc/c/DLib_Config_Normal.h" --endian little --cpu_mode thumb -On --no_cse --no_unroll --no_inline --no_code_motion --no_tbaa --no_clustering --no_scheduling 

   IAR ANSI C/C++ Compiler V7.40.7.9843/W32 for ARM
   Copyright 1999-2015 IAR Systems AB.
 
 32 bytes of CODE memory

Errors: none
Warnings: none
ilinkarm "Generated_Code\\ADC.o" "Generated_Code\\Cpu.o" "Sources\\Events.o" "Generated_Code\\GPIOA.o" "Sources\\Indicator.o" "Sources\\main.o" "Generated_Code\\PE_LDD.o" "Generated_Code\\PIT.o" "Generated_Code\\PORT.o" "Generated_Code\\SPI0.o" "Generated_Code\\SysTick.o" "Generated_Code\\Vectors.o" -o AccTester.out --config C:/Embedded/Projects/AccTester/Firmware_IAR/AccTester/Project_Settings/Linker_Files/ProcessorExpert.icf --no_wrap_diagnostics --semihosting 

   IAR ELF Linker V7.40.7.9843/W32 for ARM
   Copyright 2007-2015 IAR Systems AB.

  1 354 bytes of readonly  code memory
    226 bytes of readonly  data memory
    264 bytes of readwrite data memory

Errors: none
Warnings: none

Link time:   0.02 (CPU)   0.03 (elapsed)
22:27:38 **** Incremental Build of configuration Debug for project AccTester ****
Info: Internal Builder is used for build
iccarm "..\\Generated_Code\\Vectors.c" -o "Generated_Code\\Vectors.o" --no_wrap_diagnostics -IC:/Embedded/Projects/AccTester/Firmware_IAR/AccTester/Static_Code/PDD -IC:/Embedded/Projects/AccTester/Firmware_IAR/AccTester/Static_Code/IO_Map -IC:/Embedded/Projects/AccTester/Firmware_IAR/AccTester/Sources -IC:/Embedded/Projects/AccTester/Firmware_IAR/AccTester/Generated_Code -e --cpu Cortex-M0+ --fpu None --debug --dlib_config "C:/Program Files (x86)/IAR Systems/Embedded Workbench 7.2/arm/inc/c/DLib_Config_Normal.h" --endian little --cpu_mode thumb -On --no_cse --no_unroll --no_inline --no_code_motion --no_tbaa --no_clustering --no_scheduling 

   IAR ANSI C/C++ Compiler V7.40.7.9843/W32 for ARM
   Copyright 1999-2015 IAR Systems AB.
 
 192 bytes of CONST memory

Errors: none
Warnings: none
iccarm "..\\Generated_Code\\Cpu.c" -o "Generated_Code\\Cpu.o" --no_wrap_diagnostics -IC:/Embedded/Projects/AccTester/Firmware_IAR/AccTester/Static_Code/PDD -IC:/Embedded/Projects/AccTester/Firmware_IAR/AccTester/Static_Code/IO_Map -IC:/Embedded/Projects/AccTester/Firmware_IAR/AccTester/Sources -IC:/Embedded/Projects/AccTester/Firmware_IAR/AccTester/Generated_Code -e --cpu Cortex-M0+ --fpu None --debug --dlib_config "C:/Program Files (x86)/IAR Systems/Embedded Workbench 7.2/arm/inc/c/DLib_Config_Normal.h" --endian little --cpu_mode thumb -On --no_cse --no_unroll --no_inline --no_code_motion --no_tbaa --no_clustering --no_scheduling 

   IAR ANSI C/C++ Compiler V7.40.7.9843/W32 for ARM
   Copyright 1999-2015 IAR Systems AB.
 
 350 bytes of CODE  memory
  16 bytes of CONST memory
   2 bytes of DATA  memory

Errors: none
Warnings: none
iccarm "..\\Generated_Code\\SPI0.c" -o "Generated_Code\\SPI0.o" --no_wrap_diagnostics -IC:/Embedded/Projects/AccTester/Firmware_IAR/AccTester/Static_Code/PDD -IC:/Embedded/Projects/AccTester/Firmware_IAR/AccTester/Static_Code/IO_Map -IC:/Embedded/Projects/AccTester/Firmware_IAR/AccTester/Sources -IC:/Embedded/Projects/AccTester/Firmware_IAR/AccTester/Generated_Code -e --cpu Cortex-M0+ --fpu None --debug --dlib_config "C:/Program Files (x86)/IAR Systems/Embedded Workbench 7.2/arm/inc/c/DLib_Config_Normal.h" --endian little --cpu_mode thumb -On --no_cse --no_unroll --no_inline --no_code_motion --no_tbaa --no_clustering --no_scheduling 

   IAR ANSI C/C++ Compiler V7.40.7.9843/W32 for ARM
   Copyright 1999-2015 IAR Systems AB.
 
 76 bytes of CODE memory

Errors: none
Warnings: none
iccarm "..\\Sources\\Events.c" -o "Sources\\Events.o" --no_wrap_diagnostics -IC:/Embedded/Projects/AccTester/Firmware_IAR/AccTester/Static_Code/PDD -IC:/Embedded/Projects/AccTester/Firmware_IAR/AccTester/Static_Code/IO_Map -IC:/Embedded/Projects/AccTester/Firmware_IAR/AccTester/Sources -IC:/Embedded/Projects/AccTester/Firmware_IAR/AccTester/Generated_Code -e --cpu Cortex-M0+ --fpu None --debug --dlib_config "C:/Program Files (x86)/IAR Systems/Embedded Workbench 7.2/arm/inc/c/DLib_Config_Normal.h" --endian little --cpu_mode thumb -On --no_cse --no_unroll --no_inline --no_code_motion --no_tbaa --no_clustering --no_scheduling 

   IAR ANSI C/C++ Compiler V7.40.7.9843/W32 for ARM
   Copyright 1999-2015 IAR Systems AB.
 
 32 bytes of CODE memory

Errors: none
Warnings: none
iccarm "..\\Generated_Code\\ADC.c" -o "Generated_Code\\ADC.o" --no_wrap_diagnostics -IC:/Embedded/Projects/AccTester/Firmware_IAR/AccTester/Static_Code/PDD -IC:/Embedded/Projects/AccTester/Firmware_IAR/AccTester/Static_Code/IO_Map -IC:/Embedded/Projects/AccTester/Firmware_IAR/AccTester/Sources -IC:/Embedded/Projects/AccTester/Firmware_IAR/AccTester/Generated_Code -e --cpu Cortex-M0+ --fpu None --debug --dlib_config "C:/Program Files (x86)/IAR Systems/Embedded Workbench 7.2/arm/inc/c/DLib_Config_Normal.h" --endian little --cpu_mode thumb -On --no_cse --no_unroll --no_inline --no_code_motion --no_tbaa --no_clustering --no_scheduling 

   IAR ANSI C/C++ Compiler V7.40.7.9843/W32 for ARM
   Copyright 1999-2015 IAR Systems AB.
 
 104 bytes of CODE memory

Errors: none
Warnings: none
iccarm "..\\Sources\\main.c" -o "Sources\\main.o" --no_wrap_diagnostics -IC:/Embedded/Projects/AccTester/Firmware_IAR/AccTester/Static_Code/PDD -IC:/Embedded/Projects/AccTester/Firmware_IAR/AccTester/Static_Code/IO_Map -IC:/Embedded/Projects/AccTester/Firmware_IAR/AccTester/Sources -IC:/Embedded/Projects/AccTester/Firmware_IAR/AccTester/Generated_Code -e --cpu Cortex-M0+ --fpu None --debug --dlib_config "C:/Program Files (x86)/IAR Systems/Embedded Workbench 7.2/arm/inc/c/DLib_Config_Normal.h" --endian little --cpu_mode thumb -On --no_cse --no_unroll --no_inline --no_code_motion --no_tbaa --no_clustering --no_scheduling 

   IAR ANSI C/C++ Compiler V7.40.7.9843/W32 for ARM
   Copyright 1999-2015 IAR Systems AB.
 
 12 bytes of CODE memory

Errors: none
Warnings: none
iccarm "..\\Generated_Code\\PE_LDD.c" -o "Generated_Code\\PE_LDD.o" --no_wrap_diagnostics -IC:/Embedded/Projects/AccTester/Firmware_IAR/AccTester/Static_Code/PDD -IC:/Embedded/Projects/AccTester/Firmware_IAR/AccTester/Static_Code/IO_Map -IC:/Embedded/Projects/AccTester/Firmware_IAR/AccTester/Sources -IC:/Embedded/Projects/AccTester/Firmware_IAR/AccTester/Generated_Code -e --cpu Cortex-M0+ --fpu None --debug --dlib_config "C:/Program Files (x86)/IAR Systems/Embedded Workbench 7.2/arm/inc/c/DLib_Config_Normal.h" --endian little --cpu_mode thumb -On --no_cse --no_unroll --no_inline --no_code_motion --no_tbaa --no_clustering --no_scheduling 

   IAR ANSI C/C++ Compiler V7.40.7.9843/W32 for ARM
   Copyright 1999-2015 IAR Systems AB.
 
 32 bytes of CODE  memory
 40 bytes of CONST memory

Errors: none
Warnings: none
iccarm "..\\Generated_Code\\PIT.c" -o "Generated_Code\\PIT.o" --no_wrap_diagnostics -IC:/Embedded/Projects/AccTester/Firmware_IAR/AccTester/Static_Code/PDD -IC:/Embedded/Projects/AccTester/Firmware_IAR/AccTester/Static_Code/IO_Map -IC:/Embedded/Projects/AccTester/Firmware_IAR/AccTester/Sources -IC:/Embedded/Projects/AccTester/Firmware_IAR/AccTester/Generated_Code -e --cpu Cortex-M0+ --fpu None --debug --dlib_config "C:/Program Files (x86)/IAR Systems/Embedded Workbench 7.2/arm/inc/c/DLib_Config_Normal.h" --endian little --cpu_mode thumb -On --no_cse --no_unroll --no_inline --no_code_motion --no_tbaa --no_clustering --no_scheduling 

   IAR ANSI C/C++ Compiler V7.40.7.9843/W32 for ARM
   Copyright 1999-2015 IAR Systems AB.
 
 108 bytes of CODE memory

Errors: none
Warnings: none
ilinkarm "Generated_Code\\ADC.o" "Generated_Code\\Cpu.o" "Sources\\Events.o" "Generated_Code\\GPIOA.o" "Sources\\Indicator.o" "Sources\\main.o" "Generated_Code\\PE_LDD.o" "Generated_Code\\PIT.o" "Generated_Code\\PORT.o" "Generated_Code\\SPI0.o" "Generated_Code\\SysTick.o" "Generated_Code\\Vectors.o" -o AccTester.out --config C:/Embedded/Projects/AccTester/Firmware_IAR/AccTester/Project_Settings/Linker_Files/ProcessorExpert.icf --no_wrap_diagnostics --semihosting 

   IAR ELF Linker V7.40.7.9843/W32 for ARM
   Copyright 2007-2015 IAR Systems AB.

  1 402 bytes of readonly  code memory
    226 bytes of readonly  data memory
    264 bytes of readwrite data memory

Errors: none
Warnings: none

Link time:   0.03 (CPU)   0.03 (elapsed)
