21:46:58,553 [Worker-3] INFO com.iar.cdt.generic.toolchain.info.SdkToolchainInfo  - Using toolchain at C:\Program Files (x86)\IAR Systems\Embedded Workbench 7.2\arm\bin, version 7.40.7.9843
21:46:58,559 [Worker-3] INFO com.iar.cdt.arm.toolchain.tables.ArmCoreFpuRegistry  - Enabling Cortex-*F workaround (ECL-1993) for EWARM 7.40.7
21:47:24,847 [main] ERROR com.iar.ide.common  - File does not exist: C:\Program Files (x86)\IAR Systems\Embedded Workbench 7.2\arm\config\devices\Freescale\K70\SKEAZN64xxx2.menu ()
21:47:30,040 [main] ERROR com.iar.cdt.arm.toolchain  - Device Freescale SKEAZN64xxx2 was not found, and no device with the same name is present in the stage. The default device will be used. ()
21:47:30,512 [main] ERROR com.iar.ide.common  - File does not exist: C:\Program Files (x86)\IAR Systems\Embedded Workbench 7.2\arm\config\devices\Freescale\K70\SKEAZN64xxx2.menu ()
21:47:30,518 [main] ERROR com.iar.cdt.arm.toolchain  - Device Freescale SKEAZN64xxx2 was not found, and no device with the same name is present in the stage. The default device will be used. ()
21:47:30,538 [main] ERROR com.iar.ide.common  - File does not exist: C:\Program Files (x86)\IAR Systems\Embedded Workbench 7.2\arm\config\devices\Freescale\K70\SKEAZN64xxx2.menu ()
21:47:30,542 [main] ERROR com.iar.cdt.arm.toolchain  - Device Freescale SKEAZN64xxx2 was not found, and no device with the same name is present in the stage. The default device will be used. ()
21:47:35,019 [main] ERROR com.iar.ide.common  - File does not exist: C:\Program Files (x86)\IAR Systems\Embedded Workbench 7.2\arm\config\devices\Freescale\K70\SKEAZN64xxx2.menu ()
21:47:35,023 [main] ERROR com.iar.cdt.arm.toolchain  - Device Freescale SKEAZN64xxx2 was not found, and no device with the same name is present in the stage. The default device will be used. ()
21:48:14,683 [main] WARN com.iar.cdt.arm.toolchain  - Unknown key in .i79 file: com.iar.ide.utils.emf.inifile.impl.PropertyImpl@4cf666 (value: true, name: CJTAG, originalLine: CJTAG=true, property: true)
21:58:22,977 [main] ERROR com.iar.ide.common  - File does not exist: C:\Program Files (x86)\IAR Systems\Embedded Workbench 7.2\arm\config\devices\Freescale\K70\SKEAZN64xxx2.menu ()
21:58:22,981 [main] ERROR com.iar.cdt.arm.toolchain  - Device Freescale SKEAZN64xxx2 was not found, and no device with the same name is present in the stage. The default device will be used. ()
21:58:30,363 [main] ERROR com.iar.ide.common  - File does not exist: C:\Program Files (x86)\IAR Systems\Embedded Workbench 7.2\arm\config\devices\Freescale\K70\SKEAZN64xxx2.menu ()
21:58:30,366 [main] ERROR com.iar.cdt.arm.toolchain  - Device Freescale SKEAZN64xxx2 was not found, and no device with the same name is present in the stage. The default device will be used. ()
21:58:30,395 [main] ERROR com.iar.ide.common  - File does not exist: C:\Program Files (x86)\IAR Systems\Embedded Workbench 7.2\arm\config\devices\Freescale\K70\SKEAZN64xxx2.menu ()
21:58:30,399 [main] ERROR com.iar.cdt.arm.toolchain  - Device Freescale SKEAZN64xxx2 was not found, and no device with the same name is present in the stage. The default device will be used. ()
21:59:08,612 [main] ERROR com.iar.ide.common  - File does not exist: C:\Program Files (x86)\IAR Systems\Embedded Workbench 7.2\arm\config\devices\Freescale\K70\SKEAZN64xxx2.menu ()
21:59:08,616 [main] ERROR com.iar.cdt.arm.toolchain  - Device Freescale SKEAZN64xxx2 was not found, and no device with the same name is present in the stage. The default device will be used. ()
21:59:08,698 [main] ERROR com.iar.ide.common  - File does not exist: C:\Program Files (x86)\IAR Systems\Embedded Workbench 7.2\arm\config\devices\Freescale\K70\SKEAZN64xxx2.menu ()
21:59:08,702 [main] ERROR com.iar.cdt.arm.toolchain  - Device Freescale SKEAZN64xxx2 was not found, and no device with the same name is present in the stage. The default device will be used. ()
22:00:22,898 [main] ERROR com.iar.ide.common  - File does not exist: C:\Program Files (x86)\IAR Systems\Embedded Workbench 7.2\arm\config\devices\Freescale\K70\SKEAZN64xxx2.menu ()
22:00:22,902 [main] ERROR com.iar.cdt.arm.toolchain  - Device Freescale SKEAZN64xxx2 was not found, and no device with the same name is present in the stage. The default device will be used. ()
22:00:26,178 [main] ERROR com.iar.ide.common  - File does not exist: C:\Program Files (x86)\IAR Systems\Embedded Workbench 7.2\arm\config\devices\Freescale\K70\SKEAZN64xxx2.menu ()
22:00:26,182 [main] ERROR com.iar.cdt.arm.toolchain  - Device Freescale SKEAZN64xxx2 was not found, and no device with the same name is present in the stage. The default device will be used. ()
22:00:32,502 [main] ERROR com.iar.ide.common  - File does not exist: C:\Program Files (x86)\IAR Systems\Embedded Workbench 7.2\arm\config\devices\Freescale\K70\SKEAZN64xxx2.menu ()
22:00:32,506 [main] ERROR com.iar.cdt.arm.toolchain  - Device Freescale SKEAZN64xxx2 was not found, and no device with the same name is present in the stage. The default device will be used. ()
22:06:22,018 [main] ERROR com.iar.ide.common  - File does not exist: C:\Program Files (x86)\IAR Systems\Embedded Workbench 7.2\arm\config\devices\Freescale\K70\SKEAZN64xxx2.menu ()
22:06:22,022 [main] ERROR com.iar.cdt.arm.toolchain  - Device Freescale SKEAZN64xxx2 was not found, and no device with the same name is present in the stage. The default device will be used. ()
22:06:22,214 [main] ERROR com.iar.ide.common  - File does not exist: C:\Program Files (x86)\IAR Systems\Embedded Workbench 7.2\arm\config\devices\Freescale\K70\SKEAZN64xxx2.menu ()
22:06:22,219 [main] ERROR com.iar.cdt.arm.toolchain  - Device Freescale SKEAZN64xxx2 was not found, and no device with the same name is present in the stage. The default device will be used. ()
22:06:34,781 [main] ERROR com.iar.ide.common  - File does not exist: C:\Program Files (x86)\IAR Systems\Embedded Workbench 7.2\arm\config\devices\Freescale\K70\SKEAZN64xxx2.menu ()
22:06:34,785 [main] ERROR com.iar.cdt.arm.toolchain  - Device Freescale SKEAZN64xxx2 was not found, and no device with the same name is present in the stage. The default device will be used. ()
22:06:36,121 [main] ERROR com.iar.ide.common  - File does not exist: C:\Program Files (x86)\IAR Systems\Embedded Workbench 7.2\arm\config\devices\Freescale\K70\SKEAZN64xxx2.menu ()
22:06:36,125 [main] ERROR com.iar.cdt.arm.toolchain  - Device Freescale SKEAZN64xxx2 was not found, and no device with the same name is present in the stage. The default device will be used. ()
22:06:36,150 [main] ERROR com.iar.ide.common  - File does not exist: C:\Program Files (x86)\IAR Systems\Embedded Workbench 7.2\arm\config\devices\Freescale\K70\SKEAZN64xxx2.menu ()
22:06:36,157 [main] ERROR com.iar.cdt.arm.toolchain  - Device Freescale SKEAZN64xxx2 was not found, and no device with the same name is present in the stage. The default device will be used. ()
22:06:36,182 [main] ERROR com.iar.ide.common  - File does not exist: C:\Program Files (x86)\IAR Systems\Embedded Workbench 7.2\arm\config\devices\Freescale\K70\SKEAZN64xxx2.menu ()
22:06:36,186 [main] ERROR com.iar.cdt.arm.toolchain  - Device Freescale SKEAZN64xxx2 was not found, and no device with the same name is present in the stage. The default device will be used. ()
22:06:37,889 [main] ERROR com.iar.ide.common  - File does not exist: C:\Program Files (x86)\IAR Systems\Embedded Workbench 7.2\arm\config\devices\Freescale\K70\SKEAZN64xxx2.menu ()
22:06:37,892 [main] ERROR com.iar.cdt.arm.toolchain  - Device Freescale SKEAZN64xxx2 was not found, and no device with the same name is present in the stage. The default device will be used. ()
22:06:39,545 [main] ERROR com.iar.ide.common  - File does not exist: C:\Program Files (x86)\IAR Systems\Embedded Workbench 7.2\arm\config\devices\Freescale\K70\SKEAZN64xxx2.menu ()
22:06:39,549 [main] ERROR com.iar.cdt.arm.toolchain  - Device Freescale SKEAZN64xxx2 was not found, and no device with the same name is present in the stage. The default device will be used. ()
22:06:46,122 [main] ERROR com.iar.ide.common  - File does not exist: C:\Program Files (x86)\IAR Systems\Embedded Workbench 7.2\arm\config\devices\Freescale\K70\SKEAZN64xxx2.menu ()
22:06:46,126 [main] ERROR com.iar.cdt.arm.toolchain  - Device Freescale SKEAZN64xxx2 was not found, and no device with the same name is present in the stage. The default device will be used. ()
22:06:47,772 [main] ERROR com.iar.ide.common  - File does not exist: C:\Program Files (x86)\IAR Systems\Embedded Workbench 7.2\arm\config\devices\Freescale\K70\SKEAZN64xxx2.menu ()
22:06:47,776 [main] ERROR com.iar.cdt.arm.toolchain  - Device Freescale SKEAZN64xxx2 was not found, and no device with the same name is present in the stage. The default device will be used. ()
22:06:48,517 [main] ERROR com.iar.ide.common  - File does not exist: C:\Program Files (x86)\IAR Systems\Embedded Workbench 7.2\arm\config\devices\Freescale\K70\SKEAZN64xxx2.menu ()
22:06:48,521 [main] ERROR com.iar.cdt.arm.toolchain  - Device Freescale SKEAZN64xxx2 was not found, and no device with the same name is present in the stage. The default device will be used. ()
22:46:27,808 [main] ERROR com.iar.ide.common  - File does not exist: C:\Program Files (x86)\IAR Systems\Embedded Workbench 7.2\arm\config\devices\Freescale\K70\SKEAZN64xxx2.menu ()
22:46:27,813 [main] ERROR com.iar.cdt.arm.toolchain  - Device Freescale SKEAZN64xxx2 was not found, and no device with the same name is present in the stage. The default device will be used. ()
22:46:27,899 [main] ERROR com.iar.ide.common  - File does not exist: C:\Program Files (x86)\IAR Systems\Embedded Workbench 7.2\arm\config\devices\Freescale\K70\SKEAZN64xxx2.menu ()
22:46:27,904 [main] ERROR com.iar.cdt.arm.toolchain  - Device Freescale SKEAZN64xxx2 was not found, and no device with the same name is present in the stage. The default device will be used. ()
22:46:28,096 [main] ERROR com.iar.ide.common  - File does not exist: C:\Program Files (x86)\IAR Systems\Embedded Workbench 7.2\arm\config\devices\Freescale\K70\SKEAZN64xxx2.menu ()
22:46:28,100 [main] ERROR com.iar.cdt.arm.toolchain  - Device Freescale SKEAZN64xxx2 was not found, and no device with the same name is present in the stage. The default device will be used. ()
